<?xml version="1.0" encoding="UTF-8"?>
<testng-results skipped="0" failed="0" ignored="1" total="1" passed="0">
  <reporter-output>
  </reporter-output>
  <suite name="Automation suite for Email project" duration-ms="16" started-at="2020-04-06T12:24:00Z" finished-at="2020-04-06T12:24:00Z">
    <groups>
    </groups>
    <test name="Choose Your Offer and Join the Team in Taking on Cigarette Litter-firefox" duration-ms="16" started-at="2020-04-06T12:24:00Z" finished-at="2020-04-06T12:24:00Z">
    </test> <!-- Choose Your Offer and Join the Team in Taking on Cigarette Litter-firefox -->
  </suite> <!-- Automation suite for Email project -->
</testng-results>
